c:\users\administrator\desktop\course\semester3\ai\assignment2_repo\locomotion\locomotion\release\vc142.pdb
c:\users\administrator\desktop\course\semester3\ai\assignment2_repo\locomotion\locomotion\release\utilities.obj
c:\users\administrator\desktop\course\semester3\ai\assignment2_repo\locomotion\locomotion\release\uiwanderpanel.obj
c:\users\administrator\desktop\course\semester3\ai\assignment2_repo\locomotion\locomotion\release\uitext.obj
c:\users\administrator\desktop\course\semester3\ai\assignment2_repo\locomotion\locomotion\release\uiseparationpanel.obj
c:\users\administrator\desktop\course\semester3\ai\assignment2_repo\locomotion\locomotion\release\uiseekpanel.obj
c:\users\administrator\desktop\course\semester3\ai\assignment2_repo\locomotion\locomotion\release\uipanel.obj
c:\users\administrator\desktop\course\semester3\ai\assignment2_repo\locomotion\locomotion\release\uimanager.obj
c:\users\administrator\desktop\course\semester3\ai\assignment2_repo\locomotion\locomotion\release\uielement.obj
c:\users\administrator\desktop\course\semester3\ai\assignment2_repo\locomotion\locomotion\release\uicohesionpanel.obj
c:\users\administrator\desktop\course\semester3\ai\assignment2_repo\locomotion\locomotion\release\uibutton.obj
c:\users\administrator\desktop\course\semester3\ai\assignment2_repo\locomotion\locomotion\release\uiarrivalpanel.obj
c:\users\administrator\desktop\course\semester3\ai\assignment2_repo\locomotion\locomotion\release\uialignmentpanel.obj
c:\users\administrator\desktop\course\semester3\ai\assignment2_repo\locomotion\locomotion\release\timemanager.obj
c:\users\administrator\desktop\course\semester3\ai\assignment2_repo\locomotion\locomotion\release\mousecircle.obj
c:\users\administrator\desktop\course\semester3\ai\assignment2_repo\locomotion\locomotion\release\math.obj
c:\users\administrator\desktop\course\semester3\ai\assignment2_repo\locomotion\locomotion\release\main.obj
c:\users\administrator\desktop\course\semester3\ai\assignment2_repo\locomotion\locomotion\release\gizmos.obj
c:\users\administrator\desktop\course\semester3\ai\assignment2_repo\locomotion\locomotion\release\agentmanager.obj
c:\users\administrator\desktop\course\semester3\ai\assignment2_repo\locomotion\locomotion\release\agentbehaviourvalues.obj
c:\users\administrator\desktop\course\semester3\ai\assignment2_repo\locomotion\locomotion\release\agent.obj
c:\users\administrator\desktop\course\semester3\ai\assignment2_repo\locomotion\locomotion\release\windowmanager.obj
c:\users\administrator\desktop\course\semester3\ai\assignment2_repo\locomotion\release\locomotion.exe
c:\users\administrator\desktop\course\semester3\ai\assignment2_repo\locomotion\locomotion\release\locomotion.ipdb
c:\users\administrator\desktop\course\semester3\ai\assignment2_repo\locomotion\locomotion\release\locomotion.iobj
c:\users\administrator\desktop\course\semester3\ai\assignment2_repo\locomotion\release\locomotion.pdb
c:\users\administrator\desktop\course\semester3\ai\assignment2_repo\locomotion\locomotion\release\locomotion.tlog\cl.command.1.tlog
c:\users\administrator\desktop\course\semester3\ai\assignment2_repo\locomotion\locomotion\release\locomotion.tlog\cl.read.1.tlog
c:\users\administrator\desktop\course\semester3\ai\assignment2_repo\locomotion\locomotion\release\locomotion.tlog\cl.write.1.tlog
c:\users\administrator\desktop\course\semester3\ai\assignment2_repo\locomotion\locomotion\release\locomotion.tlog\link.command.1.tlog
c:\users\administrator\desktop\course\semester3\ai\assignment2_repo\locomotion\locomotion\release\locomotion.tlog\link.read.1.tlog
c:\users\administrator\desktop\course\semester3\ai\assignment2_repo\locomotion\locomotion\release\locomotion.tlog\link.write.1.tlog
