c:\users\administrator\desktop\course\semester3\ai\assignment2_repo\locomotion\locomotion\debug\vc142.pdb
c:\users\administrator\desktop\course\semester3\ai\assignment2_repo\locomotion\locomotion\debug\vc142.idb
c:\users\administrator\desktop\course\semester3\ai\assignment2_repo\locomotion\locomotion\debug\utilities.obj
c:\users\administrator\desktop\course\semester3\ai\assignment2_repo\locomotion\locomotion\debug\uiwanderpanel.obj
c:\users\administrator\desktop\course\semester3\ai\assignment2_repo\locomotion\locomotion\debug\uitext.obj
c:\users\administrator\desktop\course\semester3\ai\assignment2_repo\locomotion\locomotion\debug\uiseparationpanel.obj
c:\users\administrator\desktop\course\semester3\ai\assignment2_repo\locomotion\locomotion\debug\uiseekpanel.obj
c:\users\administrator\desktop\course\semester3\ai\assignment2_repo\locomotion\locomotion\debug\uipanel.obj
c:\users\administrator\desktop\course\semester3\ai\assignment2_repo\locomotion\locomotion\debug\uimanager.obj
c:\users\administrator\desktop\course\semester3\ai\assignment2_repo\locomotion\locomotion\debug\uielement.obj
c:\users\administrator\desktop\course\semester3\ai\assignment2_repo\locomotion\locomotion\debug\uicohesionpanel.obj
c:\users\administrator\desktop\course\semester3\ai\assignment2_repo\locomotion\locomotion\debug\uibutton.obj
c:\users\administrator\desktop\course\semester3\ai\assignment2_repo\locomotion\locomotion\debug\uiarrivalpanel.obj
c:\users\administrator\desktop\course\semester3\ai\assignment2_repo\locomotion\locomotion\debug\uialignmentpanel.obj
c:\users\administrator\desktop\course\semester3\ai\assignment2_repo\locomotion\locomotion\debug\timemanager.obj
c:\users\administrator\desktop\course\semester3\ai\assignment2_repo\locomotion\locomotion\debug\mousecircle.obj
c:\users\administrator\desktop\course\semester3\ai\assignment2_repo\locomotion\locomotion\debug\math.obj
c:\users\administrator\desktop\course\semester3\ai\assignment2_repo\locomotion\locomotion\debug\main.obj
c:\users\administrator\desktop\course\semester3\ai\assignment2_repo\locomotion\locomotion\debug\gizmos.obj
c:\users\administrator\desktop\course\semester3\ai\assignment2_repo\locomotion\locomotion\debug\agentmanager.obj
c:\users\administrator\desktop\course\semester3\ai\assignment2_repo\locomotion\locomotion\debug\agentbehaviourvalues.obj
c:\users\administrator\desktop\course\semester3\ai\assignment2_repo\locomotion\locomotion\debug\agent.obj
c:\users\administrator\desktop\course\semester3\ai\assignment2_repo\locomotion\locomotion\debug\windowmanager.obj
c:\users\administrator\desktop\course\semester3\ai\assignment2_repo\locomotion\debug\locomotion.exe
c:\users\administrator\desktop\course\semester3\ai\assignment2_repo\locomotion\locomotion\debug\locomotion.ilk
c:\users\administrator\desktop\course\semester3\ai\assignment2_repo\locomotion\debug\locomotion.pdb
c:\users\administrator\desktop\course\semester3\ai\assignment2_repo\locomotion\locomotion\debug\locomotion.tlog\cl.command.1.tlog
c:\users\administrator\desktop\course\semester3\ai\assignment2_repo\locomotion\locomotion\debug\locomotion.tlog\cl.read.1.tlog
c:\users\administrator\desktop\course\semester3\ai\assignment2_repo\locomotion\locomotion\debug\locomotion.tlog\cl.write.1.tlog
c:\users\administrator\desktop\course\semester3\ai\assignment2_repo\locomotion\locomotion\debug\locomotion.tlog\link.command.1.tlog
c:\users\administrator\desktop\course\semester3\ai\assignment2_repo\locomotion\locomotion\debug\locomotion.tlog\link.read.1.tlog
c:\users\administrator\desktop\course\semester3\ai\assignment2_repo\locomotion\locomotion\debug\locomotion.tlog\link.write.1.tlog
